Flow report for brickbreaker
Tue Nov 20 23:00:31 2018
Quartus Prime Version 17.0.0 Build 595 04/25/2017 SJ Lite Edition


---------------------
; Table of Contents ;
---------------------
  1. Legal Notice
  2. Flow Summary
  3. Flow Settings
  4. Flow Non-Default Global Settings
  5. Flow Elapsed Time
  6. Flow OS Summary
  7. Flow Log
  8. Flow Messages
  9. Flow Suppressed Messages



----------------
; Legal Notice ;
----------------
Copyright (C) 2017  Intel Corporation. All rights reserved.
Your use of Intel Corporation's design tools, logic functions 
and other software and tools, and its AMPP partner logic 
functions, and any output files from any of the foregoing 
(including device programming or simulation files), and any 
associated documentation or information are expressly subject 
to the terms and conditions of the Intel Program License 
Subscription Agreement, the Intel Quartus Prime License Agreement,
the Intel MegaCore Function License Agreement, or other 
applicable license agreement, including, without limitation, 
that your use is for the sole purpose of programming logic 
devices manufactured by Intel and sold by Intel or its 
authorized distributors.  Please refer to the applicable 
agreement for further details.



+-------------------------------------------------------------------------------+
; Flow Summary                                                                  ;
+---------------------------------+---------------------------------------------+
; Flow Status                     ; Successful - Tue Nov 20 23:00:16 2018       ;
; Quartus Prime Version           ; 17.0.0 Build 595 04/25/2017 SJ Lite Edition ;
; Revision Name                   ; brickbreaker                                ;
; Top-level Entity Name           ; BrickBreaker                                ;
; Family                          ; Cyclone V                                   ;
; Device                          ; 5CSEMA5F31C6                                ;
; Timing Models                   ; Final                                       ;
; Logic utilization (in ALMs)     ; 398 / 32,070 ( 1 % )                        ;
; Total registers                 ; 363                                         ;
; Total pins                      ; 87 / 457 ( 19 % )                           ;
; Total virtual pins              ; 0                                           ;
; Total block memory bits         ; 62,208 / 4,065,280 ( 2 % )                  ;
; Total DSP Blocks                ; 0 / 87 ( 0 % )                              ;
; Total HSSI RX PCSs              ; 0                                           ;
; Total HSSI PMA RX Deserializers ; 0                                           ;
; Total HSSI TX PCSs              ; 0                                           ;
; Total HSSI PMA TX Serializers   ; 0                                           ;
; Total PLLs                      ; 1 / 6 ( 17 % )                              ;
; Total DLLs                      ; 0 / 4 ( 0 % )                               ;
+---------------------------------+---------------------------------------------+


+-----------------------------------------+
; Flow Settings                           ;
+-------------------+---------------------+
; Option            ; Setting             ;
+-------------------+---------------------+
; Start date & time ; 11/20/2018 22:58:24 ;
; Main task         ; Compilation         ;
; Revision Name     ; brickbreaker        ;
+-------------------+---------------------+


+--------------------------------------------------------------------------------------------------------------------------+
; Flow Non-Default Global Settings                                                                                         ;
+-------------------------------------+----------------------------------------+---------------+--------------+------------+
; Assignment Name                     ; Value                                  ; Default Value ; Entity Name  ; Section Id ;
+-------------------------------------+----------------------------------------+---------------+--------------+------------+
; COMPILER_SIGNATURE_ID               ; 174508027489165.154277270422152        ; --            ; --           ; --         ;
; MAX_CORE_JUNCTION_TEMP              ; 85                                     ; --            ; --           ; --         ;
; MIN_CORE_JUNCTION_TEMP              ; 0                                      ; --            ; --           ; --         ;
; PARTITION_COLOR                     ; -- (Not supported for targeted family) ; --            ; BrickBreaker ; Top        ;
; PARTITION_FITTER_PRESERVATION_LEVEL ; -- (Not supported for targeted family) ; --            ; BrickBreaker ; Top        ;
; PARTITION_NETLIST_TYPE              ; -- (Not supported for targeted family) ; --            ; BrickBreaker ; Top        ;
; POWER_BOARD_THERMAL_MODEL           ; None (CONSERVATIVE)                    ; --            ; --           ; --         ;
; POWER_PRESET_COOLING_SOLUTION       ; 23 MM HEAT SINK WITH 200 LFPM AIRFLOW  ; --            ; --           ; --         ;
; PROJECT_OUTPUT_DIRECTORY            ; output_files                           ; --            ; --           ; --         ;
+-------------------------------------+----------------------------------------+---------------+--------------+------------+


+-------------------------------------------------------------------------------------------------------------------------------+
; Flow Elapsed Time                                                                                                             ;
+---------------------------+--------------+-------------------------+---------------------+------------------------------------+
; Module Name               ; Elapsed Time ; Average Processors Used ; Peak Virtual Memory ; Total CPU Time (on all processors) ;
+---------------------------+--------------+-------------------------+---------------------+------------------------------------+
; Analysis & Synthesis      ; 00:00:16     ; 1.0                     ; 4891 MB             ; 00:00:32                           ;
; Fitter                    ; 00:01:21     ; 1.0                     ; 6769 MB             ; 00:02:31                           ;
; Assembler                 ; 00:00:11     ; 1.0                     ; 4855 MB             ; 00:00:11                           ;
; TimeQuest Timing Analyzer ; 00:00:13     ; 1.3                     ; 5222 MB             ; 00:00:16                           ;
; Total                     ; 00:02:01     ; --                      ; --                  ; 00:03:30                           ;
+---------------------------+--------------+-------------------------+---------------------+------------------------------------+


+-----------------------------------------------------------------------------------------+
; Flow OS Summary                                                                         ;
+---------------------------+------------------+------------+------------+----------------+
; Module Name               ; Machine Hostname ; OS Name    ; OS Version ; Processor type ;
+---------------------------+------------------+------------+------------+----------------+
; Analysis & Synthesis      ; DESKTOP-FKHRPBT  ; Windows 10 ; 10.0       ; x86_64         ;
; Fitter                    ; DESKTOP-FKHRPBT  ; Windows 10 ; 10.0       ; x86_64         ;
; Assembler                 ; DESKTOP-FKHRPBT  ; Windows 10 ; 10.0       ; x86_64         ;
; TimeQuest Timing Analyzer ; DESKTOP-FKHRPBT  ; Windows 10 ; 10.0       ; x86_64         ;
+---------------------------+------------------+------------+------------+----------------+


------------
; Flow Log ;
------------
quartus_map --read_settings_files=on --write_settings_files=off brickbreaker -c brickbreaker
quartus_fit --read_settings_files=off --write_settings_files=off brickbreaker -c brickbreaker
quartus_asm --read_settings_files=off --write_settings_files=off brickbreaker -c brickbreaker
quartus_sta brickbreaker -c brickbreaker



